{"C:\\Users\\dkaly\\Desktop\\KPI\\search-interface\\src\\components\\SearchInterface.vue": {"path":"C:\\Users\\dkaly\\Desktop\\KPI\\search-interface\\src\\components\\SearchInterface.vue","statementMap":{"0":{"start":{"line":47,"column":0},"end":{"line":47,"column":null}},"1":{"start":{"line":76,"column":0},"end":{"line":76,"column":null}},"2":{"start":{"line":77,"column":0},"end":{"line":77,"column":null}},"3":{"start":{"line":78,"column":0},"end":{"line":78,"column":null}},"4":{"start":{"line":103,"column":0},"end":{"line":103,"column":null}},"5":{"start":{"line":104,"column":0},"end":{"line":104,"column":null}},"6":{"start":{"line":125,"column":0},"end":{"line":127,"column":null}},"7":{"start":{"line":126,"column":0},"end":{"line":126,"column":null}},"8":{"start":{"line":128,"column":0},"end":{"line":128,"column":null}},"9":{"start":{"line":131,"column":0},"end":{"line":131,"column":null}},"10":{"start":{"line":132,"column":0},"end":{"line":132,"column":null}},"11":{"start":{"line":135,"column":0},"end":{"line":135,"column":null}},"12":{"start":{"line":136,"column":0},"end":{"line":136,"column":null}},"13":{"start":{"line":137,"column":0},"end":{"line":137,"column":null}},"14":{"start":{"line":138,"column":0},"end":{"line":138,"column":null}},"15":{"start":{"line":141,"column":0},"end":{"line":141,"column":null}},"16":{"start":{"line":142,"column":0},"end":{"line":142,"column":null}},"17":{"start":{"line":145,"column":0},"end":{"line":145,"column":null}},"18":{"start":{"line":146,"column":0},"end":{"line":146,"column":null}},"19":{"start":{"line":149,"column":0},"end":{"line":149,"column":null}},"20":{"start":{"line":150,"column":0},"end":{"line":150,"column":null}},"21":{"start":{"line":153,"column":0},"end":{"line":153,"column":null}},"22":{"start":{"line":154,"column":0},"end":{"line":154,"column":null}},"23":{"start":{"line":157,"column":0},"end":{"line":157,"column":null}},"24":{"start":{"line":158,"column":0},"end":{"line":158,"column":null}},"25":{"start":{"line":161,"column":0},"end":{"line":161,"column":null}},"26":{"start":{"line":162,"column":0},"end":{"line":162,"column":null}},"27":{"start":{"line":165,"column":0},"end":{"line":165,"column":null}},"28":{"start":{"line":166,"column":0},"end":{"line":166,"column":null}},"29":{"start":{"line":169,"column":0},"end":{"line":169,"column":null}},"30":{"start":{"line":172,"column":0},"end":{"line":172,"column":null}},"31":{"start":{"line":175,"column":0},"end":{"line":175,"column":null}}},"fnMap":{"0":{"name":"(anonymous_1)","decl":{"start":{"line":46,"column":0},"end":{"line":46,"column":null}},"loc":{"start":{"line":46,"column":0},"end":{"line":122,"column":null}}},"1":{"name":"(anonymous_2)","decl":{"start":{"line":75,"column":0},"end":{"line":75,"column":null}},"loc":{"start":{"line":75,"column":0},"end":{"line":79,"column":null}}},"2":{"name":"(anonymous_3)","decl":{"start":{"line":102,"column":0},"end":{"line":102,"column":null}},"loc":{"start":{"line":102,"column":0},"end":{"line":105,"column":null}}},"3":{"name":"(anonymous_4)","decl":{"start":{"line":124,"column":0},"end":{"line":124,"column":null}},"loc":{"start":{"line":124,"column":0},"end":{"line":129,"column":null}}},"4":{"name":"(anonymous_5)","decl":{"start":{"line":130,"column":0},"end":{"line":130,"column":null}},"loc":{"start":{"line":130,"column":0},"end":{"line":133,"column":null}}},"5":{"name":"(anonymous_6)","decl":{"start":{"line":134,"column":0},"end":{"line":134,"column":null}},"loc":{"start":{"line":134,"column":0},"end":{"line":139,"column":null}}},"6":{"name":"(anonymous_7)","decl":{"start":{"line":140,"column":0},"end":{"line":140,"column":null}},"loc":{"start":{"line":140,"column":0},"end":{"line":143,"column":null}}},"7":{"name":"(anonymous_8)","decl":{"start":{"line":144,"column":0},"end":{"line":144,"column":null}},"loc":{"start":{"line":144,"column":0},"end":{"line":147,"column":null}}},"8":{"name":"(anonymous_9)","decl":{"start":{"line":148,"column":0},"end":{"line":148,"column":null}},"loc":{"start":{"line":148,"column":0},"end":{"line":151,"column":null}}},"9":{"name":"(anonymous_10)","decl":{"start":{"line":152,"column":0},"end":{"line":152,"column":null}},"loc":{"start":{"line":152,"column":0},"end":{"line":155,"column":null}}},"10":{"name":"(anonymous_11)","decl":{"start":{"line":156,"column":0},"end":{"line":156,"column":null}},"loc":{"start":{"line":156,"column":0},"end":{"line":159,"column":null}}},"11":{"name":"(anonymous_12)","decl":{"start":{"line":160,"column":0},"end":{"line":160,"column":null}},"loc":{"start":{"line":160,"column":0},"end":{"line":163,"column":null}}},"12":{"name":"(anonymous_13)","decl":{"start":{"line":164,"column":0},"end":{"line":164,"column":null}},"loc":{"start":{"line":164,"column":0},"end":{"line":167,"column":null}}},"13":{"name":"(anonymous_14)","decl":{"start":{"line":168,"column":0},"end":{"line":168,"column":null}},"loc":{"start":{"line":168,"column":0},"end":{"line":173,"column":null}}},"14":{"name":"(anonymous_15)","decl":{"start":{"line":174,"column":0},"end":{"line":174,"column":null}},"loc":{"start":{"line":174,"column":0},"end":{"line":176,"column":null}}}},"branchMap":{"0":{"loc":{"start":{"line":125,"column":0},"end":{"line":127,"column":null}},"type":"if","locations":[{"start":{"line":125,"column":0},"end":{"line":127,"column":null}},{"start":{"line":125,"column":0},"end":{"line":127,"column":null}}]},"1":{"loc":{"start":{"line":125,"column":0},"end":{"line":125,"column":null}},"type":"binary-expr","locations":[{"start":{"line":125,"column":0},"end":{"line":125,"column":null}},{"start":{"line":125,"column":0},"end":{"line":125,"column":null}}]},"2":{"loc":{"start":{"line":169,"column":0},"end":{"line":169,"column":null}},"type":"cond-expr","locations":[{"start":{"line":169,"column":0},"end":{"line":169,"column":null}},{"start":{"line":169,"column":0},"end":{"line":169,"column":null}}]}},"s":{"0":16,"1":1,"2":1,"3":1,"4":1,"5":1,"6":2,"7":1,"8":2,"9":1,"10":1,"11":12,"12":12,"13":12,"14":12,"15":1,"16":1,"17":1,"18":1,"19":1,"20":1,"21":1,"22":1,"23":1,"24":1,"25":1,"26":1,"27":1,"28":1,"29":2,"30":2,"31":13},"f":{"0":16,"1":1,"2":1,"3":2,"4":1,"5":12,"6":1,"7":1,"8":1,"9":1,"10":1,"11":1,"12":1,"13":2,"14":13},"b":{"0":[1,1],"1":[2,1],"2":[1,1]}}
}
