TN:
SF:C:\Users\dkaly\Desktop\KPI\search-interface\src\components\SearchInterface.vue
FN:46,(anonymous_1)
FN:75,(anonymous_2)
FN:102,(anonymous_3)
FN:124,(anonymous_4)
FN:130,(anonymous_5)
FN:134,(anonymous_6)
FN:140,(anonymous_7)
FN:144,(anonymous_8)
FN:148,(anonymous_9)
FN:152,(anonymous_10)
FN:156,(anonymous_11)
FN:160,(anonymous_12)
FN:164,(anonymous_13)
FN:168,(anonymous_14)
FN:174,(anonymous_15)
FNF:15
FNH:15
FNDA:16,(anonymous_1)
FNDA:1,(anonymous_2)
FNDA:1,(anonymous_3)
FNDA:2,(anonymous_4)
FNDA:1,(anonymous_5)
FNDA:12,(anonymous_6)
FNDA:1,(anonymous_7)
FNDA:1,(anonymous_8)
FNDA:1,(anonymous_9)
FNDA:1,(anonymous_10)
FNDA:1,(anonymous_11)
FNDA:1,(anonymous_12)
FNDA:1,(anonymous_13)
FNDA:2,(anonymous_14)
FNDA:13,(anonymous_15)
DA:47,16
DA:76,1
DA:77,1
DA:78,1
DA:103,1
DA:104,1
DA:125,2
DA:126,1
DA:128,2
DA:131,1
DA:132,1
DA:135,12
DA:136,12
DA:137,12
DA:138,12
DA:141,1
DA:142,1
DA:145,1
DA:146,1
DA:149,1
DA:150,1
DA:153,1
DA:154,1
DA:157,1
DA:158,1
DA:161,1
DA:162,1
DA:165,1
DA:166,1
DA:169,2
DA:172,2
DA:175,13
LF:32
LH:32
BRDA:125,0,0,1
BRDA:125,0,1,1
BRDA:125,1,0,2
BRDA:125,1,1,1
BRDA:169,2,0,1
BRDA:169,2,1,1
BRF:6
BRH:6
end_of_record
